生成启动时间为 2012/4/13 17:00:46。
     1>项目“F:\XNA\编程PK赛\SDK\C++\AIDemo\AI\AI.vcxproj”在节点 2 上(build 个目标)。
     1>InitializeBuildStatus:
         正在创建“Release\AI.unsuccessfulbuild”，因为已指定“AlwaysCreate”。
       ClCompile:
         d:\Program Files (x86)\Microsoft Visual Studio 10.0\VC\bin\CL.exe /c /Zi /nologo /W3 /WX- /O2 /Oi /Oy- /GL /D _MBCS /Gm- /EHsc /MD /GS /Gy /fp:precise /Zc:wchar_t /Zc:forScope /Fo"Release\\" /Fd"Release\vc100.pdb" /Gd /TP /analyze- /errorReport:prompt AI.cpp
         AI.cpp
     1>f:\xna\编程pk赛\sdk\c++\aidemo\ai\MSTCOSSDK.h(53): warning C4091: “__declspec(dllexport)”: 没有声明变量时忽略“ShipInfo”的左侧
     1>f:\xna\编程pk赛\sdk\c++\aidemo\ai\MSTCOSSDK.h(63): warning C4091: “__declspec(dllexport)”: 没有声明变量时忽略“ResourceInfo”的左侧
     1>f:\xna\编程pk赛\sdk\c++\aidemo\ai\MSTCOSSDK.h(87): warning C4091: “__declspec(dllexport)”: 没有声明变量时忽略“OSInterface”的左侧
     1>f:\xna\编程pk赛\sdk\c++\aidemo\ai\MSTCOSSDK.h(98): warning C4091: “__declspec(dllexport)”: 没有声明变量时忽略“MSTCOSSDK”的左侧
     1>AI.cpp(31): warning C4018: “<”: 有符号/无符号不匹配
     1>AI.cpp(35): warning C4018: “<”: 有符号/无符号不匹配
     1>AI.cpp(39): warning C4018: “<”: 有符号/无符号不匹配
       Link:
         d:\Program Files (x86)\Microsoft Visual Studio 10.0\VC\bin\link.exe /ERRORREPORT:PROMPT /OUT:"F:\XNA\编程PK赛\SDK\C++\AIDemo\Release\AI.exe" /NOLOGO kernel32.lib user32.lib gdi32.lib winspool.lib comdlg32.lib advapi32.lib shell32.lib ole32.lib oleaut32.lib uuid.lib odbc32.lib odbccp32.lib /MANIFEST /ManifestFile:"Release\AI.exe.intermediate.manifest" /MANIFESTUAC:"level='asInvoker' uiAccess='false'" /DEBUG /PDB:"F:\XNA\编程PK赛\SDK\C++\AIDemo\Release\AI.pdb" /OPT:REF /OPT:ICF /LTCG /TLBID:1 /DYNAMICBASE /NXCOMPAT /IMPLIB:"F:\XNA\编程PK赛\SDK\C++\AIDemo\Release\AI.lib" /MACHINE:X86 Release\AI.obj
         ..\..\MSTCOSSDK\Release\MSTCOSSDK.lib
         正在生成代码
         已完成代码的生成
         AI.vcxproj -> F:\XNA\编程PK赛\SDK\C++\AIDemo\Release\AI.exe
       Manifest:
         C:\Program Files (x86)\Microsoft SDKs\Windows\v7.0A\bin\mt.exe /nologo /verbose /outputresource:"F:\XNA\编程PK赛\SDK\C++\AIDemo\Release\AI.exe;#1" /manifest Release\AI.exe.intermediate.manifest
       FinalizeBuildStatus:
         正在删除文件“Release\AI.unsuccessfulbuild”。
         正在对“Release\AI.lastbuildstate”执行 Touch 任务。
     1>已完成生成项目“F:\XNA\编程PK赛\SDK\C++\AIDemo\AI\AI.vcxproj”(build 个目标)的操作。

生成成功。

已用时间 00:00:02.80
